TN:
SF:src/hooks/usePaymentSync.tsx
FN:10,fetchLinkedAssessments
FN:60,syncAppointmentPaymentToAgreements
FN:118,syncAODPaymentToAppointments
FN:200,syncShortTermPaymentToAppointments
FN:317,fetchLinkedAppointmentsForAgreement
FN:380,computeStatusFromAppointments
FN:405,recalculateAODFromAppointments
FN:470,recalculateShortTermFromAppointments
FNF:8
FNH:4
FNDA:0,fetchLinkedAssessments
FNDA:0,syncAppointmentPaymentToAgreements
FNDA:0,syncAODPaymentToAppointments
FNDA:0,syncShortTermPaymentToAppointments
FNDA:7,fetchLinkedAppointmentsForAgreement
FNDA:5,computeStatusFromAppointments
FNDA:3,recalculateAODFromAppointments
FNDA:4,recalculateShortTermFromAppointments
DA:1,1
DA:3,1
DA:7,1
DA:9,1
DA:10,1
DA:11,0
DA:12,0
DA:13,0
DA:14,0
DA:18,0
DA:19,0
DA:20,0
DA:21,0
DA:23,0
DA:25,0
DA:26,0
DA:27,0
DA:28,0
DA:29,0
DA:30,0
DA:32,0
DA:33,0
DA:34,0
DA:35,0
DA:36,0
DA:37,0
DA:38,0
DA:39,0
DA:40,0
DA:41,0
DA:42,0
DA:43,0
DA:44,0
DA:45,0
DA:46,0
DA:47,0
DA:48,0
DA:49,0
DA:50,0
DA:51,0
DA:52,0
DA:53,0
DA:54,0
DA:55,0
DA:56,0
DA:57,0
DA:59,1
DA:60,1
DA:61,0
DA:62,0
DA:63,0
DA:64,0
DA:66,0
DA:68,0
DA:69,0
DA:70,0
DA:71,0
DA:72,0
DA:73,0
DA:74,0
DA:75,0
DA:76,0
DA:78,0
DA:79,0
DA:80,0
DA:81,0
DA:82,0
DA:83,0
DA:84,0
DA:85,0
DA:86,0
DA:87,0
DA:88,0
DA:90,0
DA:91,0
DA:92,0
DA:94,0
DA:95,0
DA:96,0
DA:97,0
DA:98,0
DA:99,0
DA:100,0
DA:102,0
DA:103,0
DA:104,0
DA:105,0
DA:107,0
DA:108,0
DA:109,0
DA:110,0
DA:111,0
DA:112,0
DA:114,0
DA:115,0
DA:117,1
DA:118,1
DA:119,0
DA:120,0
DA:121,0
DA:122,0
DA:123,0
DA:124,0
DA:126,0
DA:128,0
DA:129,0
DA:130,0
DA:131,0
DA:132,0
DA:133,0
DA:134,0
DA:135,0
DA:136,0
DA:137,0
DA:138,0
DA:140,0
DA:141,0
DA:143,0
DA:144,0
DA:145,0
DA:146,0
DA:148,0
DA:149,0
DA:150,0
DA:151,0
DA:153,0
DA:154,0
DA:155,0
DA:156,0
DA:157,0
DA:158,0
DA:159,0
DA:160,0
DA:162,0
DA:163,0
DA:164,0
DA:165,0
DA:166,0
DA:167,0
DA:168,0
DA:169,0
DA:170,0
DA:171,0
DA:173,0
DA:174,0
DA:175,0
DA:176,0
DA:178,0
DA:179,0
DA:180,0
DA:181,0
DA:182,0
DA:183,0
DA:184,0
DA:185,0
DA:186,0
DA:188,0
DA:189,0
DA:190,0
DA:191,0
DA:192,0
DA:193,0
DA:194,0
DA:196,0
DA:197,0
DA:199,1
DA:200,1
DA:201,0
DA:202,0
DA:203,0
DA:204,0
DA:205,0
DA:206,0
DA:208,0
DA:210,0
DA:211,0
DA:212,0
DA:213,0
DA:214,0
DA:215,0
DA:216,0
DA:217,0
DA:218,0
DA:219,0
DA:220,0
DA:221,0
DA:223,0
DA:224,0
DA:226,0
DA:227,0
DA:228,0
DA:229,0
DA:231,0
DA:232,0
DA:233,0
DA:234,0
DA:236,0
DA:237,0
DA:238,0
DA:239,0
DA:240,0
DA:241,0
DA:242,0
DA:243,0
DA:245,0
DA:246,0
DA:247,0
DA:248,0
DA:249,0
DA:250,0
DA:251,0
DA:252,0
DA:253,0
DA:254,0
DA:256,0
DA:257,0
DA:258,0
DA:259,0
DA:260,0
DA:261,0
DA:262,0
DA:263,0
DA:264,0
DA:265,0
DA:266,0
DA:267,0
DA:268,0
DA:269,0
DA:271,0
DA:272,0
DA:273,0
DA:274,0
DA:276,0
DA:277,0
DA:278,0
DA:279,0
DA:280,0
DA:281,0
DA:282,0
DA:283,0
DA:285,0
DA:286,0
DA:287,0
DA:289,0
DA:290,0
DA:292,0
DA:293,0
DA:294,0
DA:295,0
DA:296,0
DA:297,0
DA:298,0
DA:299,0
DA:301,0
DA:302,0
DA:303,0
DA:304,0
DA:305,0
DA:306,0
DA:307,0
DA:309,0
DA:310,0
DA:312,1
DA:313,1
DA:314,1
DA:315,1
DA:316,1
DA:317,1
DA:318,7
DA:319,7
DA:320,7
DA:321,7
DA:323,7
DA:324,7
DA:325,5
DA:326,5
DA:327,5
DA:328,5
DA:329,5
DA:330,5
DA:331,5
DA:333,2
DA:334,7
DA:335,7
DA:336,7
DA:337,7
DA:339,7
DA:340,7
DA:341,7
DA:342,7
DA:343,7
DA:344,7
DA:346,7
DA:347,0
DA:348,0
DA:349,0
DA:351,7
DA:352,7
DA:353,7
DA:354,7
DA:356,7
DA:357,0
DA:358,0
DA:360,0
DA:361,0
DA:363,2
DA:364,2
DA:365,0
DA:366,0
DA:367,0
DA:368,0
DA:369,0
DA:370,0
DA:371,0
DA:372,0
DA:373,0
DA:375,0
DA:376,0
DA:377,0
DA:378,2
DA:380,1
DA:381,5
DA:382,5
DA:383,5
DA:384,5
DA:385,7
DA:386,7
DA:387,7
DA:388,7
DA:389,5
DA:390,5
DA:391,5
DA:392,5
DA:393,5
DA:394,5
DA:396,5
DA:397,5
DA:398,3
DA:400,5
DA:401,5
DA:403,1
DA:404,1
DA:405,1
DA:406,3
DA:407,3
DA:409,3
DA:410,3
DA:411,3
DA:412,3
DA:413,3
DA:414,3
DA:416,3
DA:418,3
DA:419,3
DA:420,3
DA:421,3
DA:422,3
DA:425,3
DA:426,1
DA:427,1
DA:428,1
DA:429,1
DA:430,1
DA:432,1
DA:433,1
DA:434,1
DA:435,1
DA:436,1
DA:437,1
DA:439,1
DA:440,1
DA:441,1
DA:442,1
DA:443,1
DA:444,1
DA:445,1
DA:446,1
DA:448,2
DA:450,2
DA:451,2
DA:452,2
DA:453,2
DA:454,2
DA:455,2
DA:456,3
DA:457,3
DA:458,3
DA:459,3
DA:460,3
DA:461,3
DA:462,3
DA:463,3
DA:464,3
DA:465,0
DA:466,0
DA:467,3
DA:469,1
DA:470,1
DA:471,4
DA:472,4
DA:474,4
DA:475,4
DA:476,4
DA:477,4
DA:478,4
DA:479,4
DA:481,4
DA:483,4
DA:484,4
DA:485,4
DA:486,4
DA:487,4
DA:490,4
DA:491,1
DA:492,1
DA:493,1
DA:494,1
DA:495,1
DA:496,1
DA:497,1
DA:498,1
DA:499,1
DA:500,1
DA:501,1
DA:502,1
DA:503,1
DA:505,3
DA:507,3
DA:508,3
DA:509,3
DA:510,3
DA:511,3
DA:512,3
DA:513,4
DA:514,4
DA:515,4
DA:516,4
DA:517,4
DA:518,4
DA:519,4
DA:520,4
DA:521,4
DA:522,0
DA:523,0
DA:524,4
LF:445
LH:171
BRDA:317,0,0,7
BRDA:324,1,0,5
BRDA:331,2,0,2
BRDA:334,3,0,2
BRDA:343,4,0,2
BRDA:344,5,0,0
BRDA:344,6,0,2
BRDA:346,7,0,0
BRDA:349,8,0,2
BRDA:351,9,0,2
BRDA:356,10,0,0
BRDA:361,11,0,2
BRDA:380,12,0,5
BRDA:394,13,0,2
BRDA:397,14,0,3
BRDA:397,15,0,2
BRDA:397,16,0,3
BRDA:398,17,0,2
BRDA:382,18,0,7
BRDA:382,19,0,0
BRDA:383,20,0,7
BRDA:383,21,0,4
BRDA:384,22,0,7
BRDA:385,23,0,0
BRDA:386,24,0,2
BRDA:388,25,0,4
BRDA:388,26,0,3
BRDA:390,27,0,7
BRDA:392,28,0,7
BRDA:393,29,0,4
BRDA:394,30,0,1
BRDA:405,31,0,3
BRDA:416,32,0,0
BRDA:425,33,0,1
BRDA:432,34,0,0
BRDA:433,35,0,0
BRDA:434,36,0,0
BRDA:436,37,0,0
BRDA:436,38,0,0
BRDA:446,39,0,2
BRDA:460,40,0,0
BRDA:463,41,0,2
BRDA:464,42,0,0
BRDA:432,43,0,1
BRDA:458,44,0,3
BRDA:470,45,0,4
BRDA:481,46,0,0
BRDA:490,47,0,1
BRDA:491,48,0,0
BRDA:492,49,0,0
BRDA:492,50,0,0
BRDA:494,51,0,0
BRDA:494,52,0,0
BRDA:503,53,0,3
BRDA:520,54,0,3
BRDA:521,55,0,0
BRDA:515,56,0,4
BRF:57
BRH:37
end_of_record
TN:
SF:src/utils/assessmentUpdateAccess.ts
FN:19,isInternalAdminProfile
FN:35,shouldScopeToReferringAttorney
FNF:2
FNH:2
FNDA:13,isInternalAdminProfile
FNDA:6,shouldScopeToReferringAttorney
DA:1,1
DA:8,1
DA:17,1
DA:19,1
DA:20,13
DA:22,13
DA:23,11
DA:24,11
DA:25,9
DA:26,7
DA:28,13
DA:30,1
DA:34,1
DA:35,1
DA:36,6
DA:38,6
DA:39,2
DA:40,6
LF:18
LH:18
BRDA:19,0,0,13
BRDA:22,1,0,2
BRDA:22,2,0,11
BRDA:24,3,0,9
BRDA:25,4,0,7
BRDA:26,5,0,1
BRDA:35,6,0,6
BRDA:38,7,0,4
BRDA:38,8,0,2
BRF:9
BRH:9
end_of_record
TN:
SF:src/utils/attorneyNormalize.ts
FN:8,normName
FN:20,nameKey
FN:27,normEmail
FN:41,normPhone
FN:50,canonUrl
FN:53,hostOf
FNF:6
FNH:6
FNDA:2019,normName
FNDA:1106,nameKey
FNDA:1910,normEmail
FNDA:2517,normPhone
FNDA:403,canonUrl
FNDA:204,hostOf
DA:1,1
DA:2,1
DA:4,1
DA:5,1
DA:7,1
DA:8,1
DA:9,2019
DA:10,2019
DA:11,2019
DA:12,2019
DA:13,2019
DA:14,2019
DA:15,2019
DA:16,2019
DA:17,2019
DA:19,1
DA:20,1
DA:21,1106
DA:22,1106
DA:23,1106
DA:25,1
DA:26,1
DA:27,1
DA:28,1910
DA:29,1910
DA:30,1910
DA:31,1906
DA:32,1906
DA:33,1906
DA:34,1910
DA:35,1910
DA:36,1910
DA:37,1905
DA:38,1905
DA:40,1
DA:41,1
DA:42,2517
DA:43,2517
DA:44,2517
DA:45,2517
DA:46,2517
DA:47,2517
DA:48,2517
DA:50,1
DA:51,403
DA:53,1
DA:54,204
DA:55,204
LF:48
LH:48
BRDA:8,0,0,2019
BRDA:9,1,0,2
BRDA:20,2,0,1106
BRDA:21,3,0,2212
BRDA:27,4,0,1910
BRDA:28,5,0,2
BRDA:30,6,0,4
BRDA:30,7,0,1906
BRDA:34,8,0,1407
BRDA:34,9,0,1906
BRDA:35,10,0,1802
BRDA:35,11,0,1906
BRDA:36,12,0,1
BRDA:36,13,0,1905
BRDA:41,14,0,2517
BRDA:42,15,0,17
BRDA:43,16,0,74
BRDA:43,17,0,2443
BRDA:44,18,0,363
BRDA:44,19,0,2443
BRDA:45,20,0,1927
BRDA:45,21,0,2443
BRDA:46,22,0,1161
BRDA:46,23,0,2443
BRDA:47,24,0,2413
BRDA:47,25,0,30
BRDA:47,26,0,1
BRDA:47,27,0,29
BRDA:50,28,0,403
BRDA:51,29,0,2
BRDA:53,30,0,204
BRDA:54,31,0,29
BRDA:54,32,0,198
BRF:33
BRH:33
end_of_record
TN:
SF:src/utils/caseStatusMapping.ts
FN:41,toDbCaseStatus
FN:55,toUiCaseStatus
FNF:2
FNH:2
FNDA:6,toDbCaseStatus
FNDA:5,toUiCaseStatus
DA:1,1
DA:7,1
DA:9,1
DA:10,1
DA:11,1
DA:12,1
DA:13,1
DA:14,1
DA:15,1
DA:16,1
DA:17,1
DA:18,1
DA:19,1
DA:20,1
DA:21,1
DA:22,1
DA:23,1
DA:24,1
DA:25,1
DA:26,1
DA:27,1
DA:28,1
DA:29,1
DA:30,1
DA:31,1
DA:32,1
DA:34,1
DA:35,1
DA:37,1
DA:40,1
DA:41,1
DA:42,6
DA:43,4
DA:44,6
DA:45,32
DA:46,3
DA:47,3
DA:48,32
DA:49,1
DA:50,1
DA:52,1
DA:54,1
DA:55,1
DA:56,5
DA:57,5
DA:58,1
DA:59,1
DA:60,1
DA:62,5
DA:63,1
DA:64,1
DA:65,1
DA:66,1
DA:67,1
DA:68,1
DA:69,1
LF:56
LH:56
BRDA:41,0,0,6
BRDA:42,1,0,2
BRDA:42,2,0,4
BRDA:44,3,0,32
BRDA:45,4,0,3
BRDA:48,5,0,1
BRDA:55,6,0,5
BRDA:56,7,0,2
BRDA:56,8,0,3
BRDA:57,9,0,2
BRDA:57,10,0,1
BRDA:62,11,0,0
BRDA:62,12,0,1
BRDA:60,13,0,21
BRDA:67,14,0,2
BRDA:67,15,0,2
BRF:16
BRH:15
end_of_record
TN:
SF:src/utils/dateTime.ts
FN:13,nowInSAST
FN:26,get
FN:36,todayInSAST
FN:45,formatInSAST
FN:70,formatDateLong
FN:78,formatDateShort
FN:86,formatDateTimeShort
FN:101,formatTimeSAST
FN:108,sastNowParts
FNF:9
FNH:9
FNDA:2,nowInSAST
FNDA:12,get
FNDA:1,todayInSAST
FNDA:8,formatInSAST
FNDA:1,formatDateLong
FNDA:1,formatDateShort
FNDA:1,formatDateTimeShort
FNDA:1,formatTimeSAST
FNDA:1,sastNowParts
DA:1,1
DA:5,1
DA:7,1
DA:8,1
DA:10,1
DA:12,1
DA:13,1
DA:14,2
DA:15,2
DA:16,2
DA:17,2
DA:18,2
DA:19,2
DA:20,2
DA:21,2
DA:22,2
DA:23,2
DA:24,2
DA:25,2
DA:26,2
DA:27,2
DA:28,2
DA:29,2
DA:31,2
DA:33,1
DA:35,1
DA:36,1
DA:37,1
DA:38,1
DA:40,1
DA:44,1
DA:45,1
DA:46,8
DA:47,8
DA:48,8
DA:49,8
DA:50,8
DA:51,8
DA:53,8
DA:54,5
DA:55,8
DA:56,8
DA:57,4
DA:58,4
DA:59,4
DA:60,4
DA:61,8
DA:62,0
DA:63,0
DA:64,8
DA:66,1
DA:69,1
DA:70,1
DA:71,1
DA:72,1
DA:74,1
DA:77,1
DA:78,1
DA:79,1
DA:80,1
DA:82,1
DA:85,1
DA:86,1
DA:87,1
DA:88,1
DA:89,1
DA:90,1
DA:91,1
DA:92,1
DA:93,1
DA:94,1
DA:95,1
DA:97,1
DA:100,1
DA:101,1
DA:102,1
DA:103,1
DA:105,1
DA:107,1
DA:108,1
DA:109,1
DA:110,1
DA:111,1
DA:112,1
DA:113,1
DA:114,1
DA:115,1
DA:116,1
DA:117,1
LF:89
LH:87
BRDA:13,0,0,2
BRDA:26,1,0,12
BRDA:26,2,0,0
BRDA:26,3,0,72
BRDA:36,4,0,1
BRDA:45,5,0,8
BRDA:53,6,0,3
BRDA:53,7,0,5
BRDA:55,8,0,0
BRDA:56,9,0,1
BRDA:56,10,0,4
BRDA:61,11,0,0
BRDA:70,12,0,1
BRDA:78,13,0,1
BRDA:86,14,0,1
BRDA:101,15,0,1
BRDA:108,16,0,1
BRF:17
BRH:14
end_of_record
TN:
SF:src/utils/expertTypeMapping.ts
FN:58,normalizeExpertType
FN:89,formatExpertType
FN:109,getUniqueExpertTypes
FN:131,matchesExpertType
FNF:4
FNH:4
FNDA:19,normalizeExpertType
FNDA:4,formatExpertType
FNDA:1,getUniqueExpertTypes
FNDA:4,matchesExpertType
DA:1,1
DA:4,1
DA:6,1
DA:7,1
DA:8,1
DA:9,1
DA:10,1
DA:11,1
DA:12,1
DA:13,1
DA:14,1
DA:15,1
DA:16,1
DA:17,1
DA:18,1
DA:19,1
DA:20,1
DA:21,1
DA:22,1
DA:23,1
DA:24,1
DA:25,1
DA:26,1
DA:27,1
DA:28,1
DA:29,1
DA:30,1
DA:31,1
DA:32,1
DA:33,1
DA:34,1
DA:35,1
DA:36,1
DA:37,1
DA:38,1
DA:39,1
DA:40,1
DA:41,1
DA:42,1
DA:43,1
DA:44,1
DA:45,1
DA:46,1
DA:47,1
DA:48,1
DA:49,1
DA:50,1
DA:51,1
DA:53,1
DA:57,1
DA:58,1
DA:59,19
DA:61,19
DA:62,19
DA:63,4
DA:64,4
DA:65,19
DA:66,3
DA:67,3
DA:68,19
DA:69,1
DA:70,1
DA:71,19
DA:72,3
DA:73,3
DA:74,19
DA:75,1
DA:76,1
DA:77,19
DA:78,1
DA:79,1
DA:81,6
DA:82,6
DA:84,1
DA:88,1
DA:89,1
DA:90,4
DA:92,4
DA:93,4
DA:94,3
DA:95,3
DA:97,1
DA:98,1
DA:99,1
DA:100,1
DA:101,1
DA:102,1
DA:104,1
DA:108,1
DA:109,1
DA:110,1
DA:112,1
DA:113,3
DA:114,3
DA:115,3
DA:117,1
DA:118,1
DA:119,2
DA:120,2
DA:121,2
DA:122,1
DA:123,1
DA:125,1
DA:130,1
DA:131,1
DA:132,4
DA:134,3
DA:135,3
DA:137,3
DA:138,3
LF:110
LH:110
BRDA:58,0,0,19
BRDA:62,1,0,17
BRDA:62,2,0,4
BRDA:64,3,0,15
BRDA:65,4,0,14
BRDA:65,5,0,3
BRDA:67,6,0,12
BRDA:68,7,0,1
BRDA:70,8,0,11
BRDA:71,9,0,3
BRDA:73,10,0,8
BRDA:74,11,0,7
BRDA:74,12,0,1
BRDA:76,13,0,7
BRDA:77,14,0,1
BRDA:79,15,0,6
BRDA:89,16,0,4
BRDA:93,17,0,3
BRDA:95,18,0,1
BRDA:100,19,0,2
BRDA:109,20,0,1
BRDA:112,21,0,3
BRDA:118,22,0,2
BRDA:122,23,0,1
BRDA:131,24,0,4
BRDA:132,25,0,1
BRDA:132,26,0,3
BRF:27
BRH:27
end_of_record
TN:
SF:src/utils/idGenerators.ts
FN:9,generateClaimantId
FN:20,generateLawFirmCodeBase
FN:42,generateLawFirmCode
FN:52,generateExpertCode
FN:63,generateAppointmentRequestId
FN:96,generateAssessmentCode
FN:130,getAssessmentTypeAbbreviation
FNF:7
FNH:7
FNDA:2,generateClaimantId
FNDA:3,generateLawFirmCodeBase
FNDA:1,generateLawFirmCode
FNDA:1,generateExpertCode
FNDA:1,generateAppointmentRequestId
FNDA:5,generateAssessmentCode
FNDA:2,getAssessmentTypeAbbreviation
DA:1,1
DA:3,1
DA:5,1
DA:8,1
DA:9,1
DA:10,2
DA:11,2
DA:12,2
DA:13,2
DA:14,2
DA:16,1
DA:19,1
DA:20,1
DA:21,3
DA:22,3
DA:23,3
DA:24,3
DA:26,3
DA:27,3
DA:28,3
DA:30,3
DA:31,3
DA:32,3
DA:33,3
DA:34,3
DA:36,1
DA:41,1
DA:42,1
DA:43,1
DA:44,1
DA:45,1
DA:46,1
DA:48,1
DA:51,1
DA:52,1
DA:53,1
DA:54,1
DA:55,1
DA:56,1
DA:57,1
DA:59,1
DA:62,1
DA:63,1
DA:64,1
DA:65,1
DA:66,1
DA:67,1
DA:68,1
DA:69,1
DA:70,1
DA:72,1
DA:74,1
DA:75,1
DA:76,1
DA:77,1
DA:78,1
DA:79,1
DA:80,1
DA:81,1
DA:82,1
DA:83,1
DA:84,1
DA:85,1
DA:86,1
DA:88,1
DA:95,1
DA:96,1
DA:97,5
DA:98,5
DA:99,5
DA:100,5
DA:102,5
DA:104,5
DA:105,5
DA:107,5
DA:108,4
DA:109,4
DA:110,4
DA:111,3
DA:112,3
DA:113,3
DA:114,4
DA:115,0
DA:116,0
DA:117,4
DA:119,5
DA:120,5
DA:121,5
DA:122,5
DA:124,5
DA:125,5
DA:127,1
DA:129,1
DA:130,1
DA:131,2
DA:132,2
LF:96
LH:94
BRDA:9,0,0,2
BRDA:10,1,0,1
BRDA:11,2,0,1
BRDA:20,3,0,3
BRDA:22,4,0,0
BRDA:23,5,0,0
BRDA:24,6,0,0
BRDA:42,7,0,1
BRDA:52,8,0,1
BRDA:53,9,0,0
BRDA:54,10,0,0
BRDA:63,11,0,1
BRDA:64,12,0,0
BRDA:65,13,0,0
BRDA:96,14,0,5
BRDA:102,15,0,1
BRDA:107,16,0,4
BRDA:110,17,0,3
BRDA:114,18,0,0
BRDA:120,19,0,4
BRDA:121,20,0,4
BRDA:122,21,0,4
BRDA:122,22,0,1
BRDA:122,23,0,4
BRDA:130,24,0,2
BRDA:131,25,0,1
BRF:26
BRH:18
end_of_record
TN:
SF:src/utils/matterTypeClaimPhrase.ts
FN:13,getClaimPhraseForMatterType
FNF:1
FNH:1
FNDA:15,getClaimPhraseForMatterType
DA:1,1
DA:12,1
DA:13,1
DA:14,15
DA:16,15
DA:18,13
DA:19,15
DA:21,12
DA:22,15
DA:24,11
DA:25,15
DA:27,10
DA:28,15
DA:30,9
DA:31,15
DA:33,8
DA:34,15
DA:36,7
DA:37,15
DA:39,6
DA:40,15
DA:42,5
DA:43,15
DA:44,15
DA:46,3
DA:47,15
DA:48,2
DA:49,2
DA:51,1
DA:52,1
DA:53,1
LF:31
LH:31
BRDA:13,0,0,15
BRDA:14,1,0,2
BRDA:16,2,0,2
BRDA:16,3,0,13
BRDA:19,4,0,1
BRDA:19,5,0,12
BRDA:22,6,0,1
BRDA:22,7,0,11
BRDA:25,8,0,1
BRDA:25,9,0,10
BRDA:28,10,0,1
BRDA:28,11,0,9
BRDA:31,12,0,1
BRDA:31,13,0,8
BRDA:34,14,0,1
BRDA:34,15,0,7
BRDA:37,16,0,6
BRDA:37,17,0,1
BRDA:37,18,0,6
BRDA:40,19,0,1
BRDA:40,20,0,5
BRDA:43,21,0,1
BRDA:43,22,0,4
BRDA:44,23,0,1
BRDA:44,24,0,3
BRDA:47,25,0,2
BRDA:47,26,0,1
BRDA:47,27,0,2
BRDA:49,28,0,1
BRF:29
BRH:29
end_of_record
TN:
SF:src/utils/pdfBranding.ts
FN:12,drawWrappedText
FN:28,addBrandingToPDF
FN:72,addBrandingFooter
FN:97,getStyledTableOptions
FN:113,addPrintBranding
FNF:5
FNH:3
FNDA:13,drawWrappedText
FNDA:3,addBrandingToPDF
FNDA:1,addBrandingFooter
FNDA:0,getStyledTableOptions
FNDA:0,addPrintBranding
DA:3,1
DA:4,1
DA:5,1
DA:7,1
DA:11,1
DA:12,1
DA:13,13
DA:14,13
DA:15,13
DA:16,13
DA:17,13
DA:18,13
DA:19,13
DA:21,13
DA:22,13
DA:23,25
DA:24,25
DA:25,13
DA:26,13
DA:28,1
DA:29,3
DA:30,3
DA:31,3
DA:32,3
DA:34,3
DA:35,3
DA:36,3
DA:37,3
DA:38,3
DA:39,3
DA:40,0
DA:41,0
DA:43,3
DA:44,3
DA:45,3
DA:46,3
DA:47,3
DA:49,3
DA:50,3
DA:51,3
DA:52,3
DA:53,3
DA:54,3
DA:56,3
DA:57,3
DA:58,3
DA:59,3
DA:60,3
DA:61,3
DA:62,3
DA:63,3
DA:64,3
DA:65,3
DA:66,3
DA:69,3
DA:70,3
DA:72,1
DA:73,1
DA:74,1
DA:75,1
DA:77,1
DA:78,3
DA:80,3
DA:81,3
DA:82,3
DA:83,3
DA:85,3
DA:86,3
DA:87,3
DA:88,3
DA:90,3
DA:91,3
DA:92,3
DA:93,3
DA:94,3
DA:95,1
DA:97,1
DA:98,0
DA:99,0
DA:100,0
DA:101,0
DA:102,0
DA:103,0
DA:104,0
DA:105,0
DA:106,0
DA:107,0
DA:108,0
DA:109,0
DA:110,0
DA:111,0
DA:113,1
DA:187,0
LF:93
LH:76
BRDA:12,0,0,13
BRDA:21,1,0,0
BRDA:22,2,0,25
BRDA:23,3,0,0
BRDA:28,4,0,3
BRDA:39,5,0,0
BRDA:72,6,0,1
BRDA:77,7,0,3
BRF:8
BRH:5
end_of_record
TN:
SF:src/utils/pitchlogPotential.ts
FN:13,isPotentialEntry
FNF:1
FNH:1
FNDA:16,isPotentialEntry
DA:1,1
DA:7,1
DA:13,1
DA:14,16
LF:4
LH:4
BRDA:13,0,0,16
BRDA:14,1,0,13
BRF:2
BRH:2
end_of_record
TN:
SF:src/utils/portalAccess.ts
FN:36,getDefaultPortalRoute
FN:53,hasFullAdminAccess
FN:69,matchesPath
FN:78,canAccessAdminRoute
FN:93,adminRouteRedirect
FN:108,canAccessExpertPortal
FN:112,canAccessAttorneyPortal
FNF:7
FNH:7
FNDA:10,getDefaultPortalRoute
FNDA:41,hasFullAdminAccess
FNDA:166,matchesPath
FNDA:98,canAccessAdminRoute
FNDA:74,adminRouteRedirect
FNDA:15,canAccessExpertPortal
FNDA:15,canAccessAttorneyPortal
DA:1,1
DA:10,1
DA:26,1
DA:27,1
DA:28,1
DA:29,1
DA:30,1
DA:31,1
DA:32,1
DA:33,1
DA:35,1
DA:36,1
DA:37,10
DA:38,10
DA:39,10
DA:40,2
DA:41,10
DA:42,1
DA:43,10
DA:44,1
DA:45,10
DA:46,1
DA:47,10
DA:48,5
DA:49,10
DA:50,10
DA:52,1
DA:53,1
DA:54,41
DA:56,1
DA:61,1
DA:62,1
DA:63,1
DA:64,1
DA:65,1
DA:66,1
DA:67,1
DA:69,1
DA:70,166
DA:72,1
DA:77,1
DA:78,1
DA:79,98
DA:80,98
DA:81,18
DA:82,18
DA:83,98
DA:84,29
DA:85,29
DA:86,42
DA:87,42
DA:89,1
DA:92,1
DA:93,1
DA:94,74
DA:95,74
DA:97,74
DA:98,74
DA:99,9
DA:100,9
DA:101,74
DA:102,14
DA:103,14
DA:104,42
DA:105,42
DA:107,1
DA:108,1
DA:109,15
DA:111,1
DA:112,1
DA:113,15
LF:71
LH:71
BRDA:36,0,0,10
BRDA:38,1,0,1
BRDA:39,2,0,2
BRDA:41,3,0,1
BRDA:43,4,0,1
BRDA:45,5,0,1
BRDA:47,6,0,5
BRDA:53,7,0,41
BRDA:54,8,0,38
BRDA:69,9,0,166
BRDA:70,10,0,150
BRDA:78,11,0,98
BRDA:79,12,0,9
BRDA:79,13,0,89
BRDA:80,14,0,18
BRDA:82,15,0,71
BRDA:83,16,0,29
BRDA:85,17,0,42
BRDA:81,18,0,48
BRDA:84,19,0,118
BRDA:93,20,0,74
BRDA:97,21,0,9
BRDA:97,22,0,65
BRDA:98,23,0,9
BRDA:99,24,0,6
BRDA:99,25,0,3
BRDA:100,26,0,56
BRDA:101,27,0,14
BRDA:102,28,0,6
BRDA:102,29,0,8
BRDA:103,30,0,42
BRDA:108,31,0,15
BRDA:109,32,0,14
BRDA:112,33,0,15
BRDA:113,34,0,14
BRF:35
BRH:35
end_of_record
